<!DOCTYPE html PUBLIC "-//W3C//DTD XHTML 1.1//EN" "http://www.w3.org/TR/xhtml11/DTD/xhtml11.dtd">
<html xmlns="http://www.w3.org/1999/xhtml">
<head>
<meta http-equiv="content-type" content="text/html; charset=UTF-8"/>
<title>TestNG Report</title>
<style type="text/css">table {margin-bottom:10px;border-collapse:collapse;empty-cells:show}th,td {border:1px solid #009;padding:.25em .5em}th {vertical-align:bottom}td {vertical-align:top}table a {font-weight:bold}.stripe td {background-color: #E6EBF9}.num {text-align:right}.passedodd td {background-color: #3F3}.passedeven td {background-color: #0A0}.skippedodd td {background-color: #DDD}.skippedeven td {background-color: #CCC}.failedodd td,.attn {background-color: #F33}.failedeven td,.stripe .attn {background-color: #D00}.stacktrace {white-space:pre;font-family:monospace}.totop {font-size:85%;text-align:center;border-bottom:2px solid #000}.invisible {display:none}</style>
</head>
<body>
<table>
<tr><th>Test</th><th># Passed</th><th># Skipped</th><th># Failed</th><th>Time (ms)</th><th>Included Groups</th><th>Excluded Groups</th></tr>
<tr><th colspan="7">Surefire suite</th></tr>
<tr><td><a href="#t0">Surefire test</a></td><td class="num">6</td><td class="num">0</td><td class="num attn">8</td><td class="num">337,534</td><td></td><td></td></tr>
</table>
<table id='summary'><thead><tr><th>Class</th><th>Method</th><th>Start</th><th>Time (ms)</th></tr></thead><tbody><tr><th colspan="4">Surefire suite</th></tr></tbody><tbody id="t0"><tr><th colspan="4">Surefire test &#8212; failed</th></tr><tr class="failedeven"><td rowspan="2">testPages.TestHomePage</td><td><a href="#m0">testCheckCart</a></td><td rowspan="1">1553451854693</td><td rowspan="1">0</td></tr><tr class="failedeven"><td><a href="#m1">testMyStore</a></td><td rowspan="1">1553451888340</td><td rowspan="1">0</td></tr><tr class="failedodd"><td rowspan="3">testPages.TestLogin</td><td><a href="#m2">testClickLogin</a></td><td rowspan="1">1553451904613</td><td rowspan="1">0</td></tr><tr class="failedodd"><td><a href="#m3">testClickMyAccount</a></td><td rowspan="1">1553451923083</td><td rowspan="1">0</td></tr><tr class="failedodd"><td><a href="#m4">testEnterEmailId</a></td><td rowspan="1">1553451939468</td><td rowspan="1">30330</td></tr><tr class="failedeven"><td rowspan="3">testPages.TestSearchBox</td><td><a href="#m5">search6</a></td><td rowspan="1">1553452107465</td><td rowspan="1">15156</td></tr><tr class="failedeven"><td><a href="#m6">search7</a></td><td rowspan="1">1553452137867</td><td rowspan="1">7426</td></tr><tr class="failedeven"><td><a href="#m7">search8</a></td><td rowspan="1">1553452161428</td><td rowspan="1">9461</td></tr><tr><th colspan="4">Surefire test &#8212; passed</th></tr><tr class="passedeven"><td rowspan="1">testPages.TestHomePage</td><td><a href="#m8">testHomePage</a></td><td rowspan="1">1553451872486</td><td rowspan="1">84</td></tr><tr class="passedodd"><td rowspan="5">testPages.TestSearchBox</td><td><a href="#m9">search</a></td><td rowspan="1">1553451989363</td><td rowspan="1">8481</td></tr><tr class="passedodd"><td><a href="#m10">search2</a></td><td rowspan="1">1553452014262</td><td rowspan="1">9570</td></tr><tr class="passedodd"><td><a href="#m11">search3</a></td><td rowspan="1">1553452039446</td><td rowspan="1">7798</td></tr><tr class="passedodd"><td><a href="#m12">search4</a></td><td rowspan="1">1553452062789</td><td rowspan="1">7986</td></tr><tr class="passedodd"><td><a href="#m13">search5</a></td><td rowspan="1">1553452086049</td><td rowspan="1">6889</td></tr></tbody>
</table>
<h2>Surefire test</h2><h3 id="m0">testPages.TestHomePage#testCheckCart</h3><table class="result"><tr><th>Exception</th></tr><tr><td><div class="stacktrace">java.lang.IncompatibleClassChangeError: Expected static method base.MainAPI.clickOnElem(Ljava/lang/String;)V
	at pages.HomePage.checkCart(HomePage.java:18)
	at testPages.TestHomePage.testCheckCart(TestHomePage.java:27)
... Removed 30 stack frames</div></td></tr></table><p class="totop"><a href="#summary">back to summary</a></p>
<h3 id="m1">testPages.TestHomePage#testMyStore</h3><table class="result"><tr><th>Exception</th></tr><tr><td><div class="stacktrace">java.lang.IncompatibleClassChangeError: Expected static method base.MainAPI.clickOnElem(Ljava/lang/String;)V
	at pages.HomePage.myStore(HomePage.java:15)
	at testPages.TestHomePage.testMyStore(TestHomePage.java:23)
... Removed 30 stack frames</div></td></tr></table><p class="totop"><a href="#summary">back to summary</a></p>
<h3 id="m2">testPages.TestLogin#testClickLogin</h3><table class="result"><tr><th>Exception</th></tr><tr><td><div class="stacktrace">java.lang.IncompatibleClassChangeError: Expected static method base.MainAPI.clickOnElem(Ljava/lang/String;)V
	at pages.Login.clickLogin(Login.java:11)
	at testPages.TestLogin.testClickLogin(TestLogin.java:22)
... Removed 30 stack frames</div></td></tr></table><p class="totop"><a href="#summary">back to summary</a></p>
<h3 id="m3">testPages.TestLogin#testClickMyAccount</h3><table class="result"><tr><th>Exception</th></tr><tr><td><div class="stacktrace">java.lang.IncompatibleClassChangeError: Expected static method base.MainAPI.clickOnElem(Ljava/lang/String;)V
	at pages.Login.clickMyAccount(Login.java:8)
	at testPages.TestLogin.testClickMyAccount(TestLogin.java:18)
... Removed 30 stack frames</div></td></tr></table><p class="totop"><a href="#summary">back to summary</a></p>
<h3 id="m4">testPages.TestLogin#testEnterEmailId</h3><table class="result"><tr><th>Exception</th></tr><tr><td><div class="stacktrace">org.openqa.selenium.NoSuchElementException: no such element: Unable to locate element: {&quot;method&quot;:&quot;id&quot;,&quot;selector&quot;:&quot;.form-input body__m-top-small form-input--error&quot;}
  (Session info: chrome=72.0.3626.121)
  (Driver info: chromedriver=2.46.628402 (536cd7adbad73a3783fdc2cab92ab2ba7ec361e1),platform=Windows NT 10.0.17134 x86_64) (WARNING: The server did not provide any stacktrace information)
Command duration or timeout: 0 milliseconds
For documentation on this error, please visit: http://seleniumhq.org/exceptions/no_such_element.html
Build info: version: &apos;3.14.0&apos;, revision: &apos;aacccce0&apos;, time: &apos;2018-08-02T20:19:58.91Z&apos;
System info: host: &apos;SHARIF&apos;, ip: &apos;192.168.72.1&apos;, os.name: &apos;Windows 10&apos;, os.arch: &apos;amd64&apos;, os.version: &apos;10.0&apos;, java.version: &apos;1.8.0_192&apos;
Driver info: org.openqa.selenium.chrome.ChromeDriver
Capabilities {acceptInsecureCerts: false, acceptSslCerts: false, applicationCacheEnabled: false, browserConnectionEnabled: false, browserName: chrome, chrome: {chromedriverVersion: 2.46.628402 (536cd7adbad73a..., userDataDir: C:\Users\mdths\AppData\Loca...}, cssSelectorsEnabled: true, databaseEnabled: false, goog:chromeOptions: {debuggerAddress: localhost:56619}, handlesAlerts: true, hasTouchScreen: false, javascriptEnabled: true, locationContextEnabled: true, mobileEmulationEnabled: false, nativeEvents: true, networkConnectionEnabled: false, pageLoadStrategy: normal, platform: XP, platformName: XP, proxy: Proxy(), rotatable: false, setWindowRect: true, strictFileInteractability: false, takesHeapSnapshot: true, takesScreenshot: true, timeouts: {implicit: 0, pageLoad: 300000, script: 30000}, unexpectedAlertBehaviour: ignore, unhandledPromptBehavior: ignore, version: 72.0.3626.121, webStorageEnabled: true}
Session ID: e9547568b7f4eb0766aeb4de7a7b5ae8
*** Element info: {Using=id, value=.form-input body__m-top-small form-input--error}
	at org.openqa.selenium.remote.ErrorHandler.createThrowable(ErrorHandler.java:214)
	at org.openqa.selenium.remote.ErrorHandler.throwIfResponseFailed(ErrorHandler.java:166)
	at org.openqa.selenium.remote.http.JsonHttpResponseCodec.reconstructValue(JsonHttpResponseCodec.java:40)
	at org.openqa.selenium.remote.http.AbstractHttpResponseCodec.decode(AbstractHttpResponseCodec.java:80)
	at org.openqa.selenium.remote.http.AbstractHttpResponseCodec.decode(AbstractHttpResponseCodec.java:44)
	at org.openqa.selenium.remote.HttpCommandExecutor.execute(HttpCommandExecutor.java:158)
	at org.openqa.selenium.remote.service.DriverCommandExecutor.execute(DriverCommandExecutor.java:83)
	at org.openqa.selenium.remote.RemoteWebDriver.execute(RemoteWebDriver.java:548)
	at org.openqa.selenium.remote.RemoteWebDriver.findElement(RemoteWebDriver.java:322)
	at org.openqa.selenium.remote.RemoteWebDriver.findElementById(RemoteWebDriver.java:368)
	at org.openqa.selenium.By$ById.findElement(By.java:188)
	at org.openqa.selenium.remote.RemoteWebDriver.findElement(RemoteWebDriver.java:314)
	at base.MainAPI.typeOnElementNEnter(MainAPI.java:174)
	at pages.Login.enterEmailId(Login.java:14)
	at testPages.TestLogin.testEnterEmailId(TestLogin.java:26)
... Removed 34 stack frames</div></td></tr></table><p class="totop"><a href="#summary">back to summary</a></p>
<h3 id="m5">testPages.TestSearchBox#search6</h3><table class="result"><tr><th>Exception</th></tr><tr><td><div class="stacktrace">java.lang.AssertionError: expected [Search Results for Wallart at The Home Depot] but found [Search Results for Gloves at The Home Depot]
	at pages.SearchBox.searchGlobes(SearchBox.java:46)
	at testPages.TestSearchBox.search6(TestSearchBox.java:38)
... Removed 36 stack frames</div></td></tr></table><p class="totop"><a href="#summary">back to summary</a></p>
<h3 id="m6">testPages.TestSearchBox#search7</h3><table class="result"><tr><th>Exception</th></tr><tr><td><div class="stacktrace">java.lang.AssertionError: expected [Mirrors - Home Decor - The Home Depot] but found [Search Results for Wallart at The Home Depot]
	at pages.SearchBox.searchWallArt(SearchBox.java:51)
	at testPages.TestSearchBox.search7(TestSearchBox.java:42)
... Removed 36 stack frames</div></td></tr></table><p class="totop"><a href="#summary">back to summary</a></p>
<h3 id="m7">testPages.TestSearchBox#search8</h3><table class="result"><tr><th>Exception</th></tr><tr><td><div class="stacktrace">java.lang.AssertionError: expected [Search Results for Gloves at The Home Depot] but found [Mirrors - Home Decor - The Home Depot]
	at pages.SearchBox.searchMirrors(SearchBox.java:41)
	at testPages.TestSearchBox.search8(TestSearchBox.java:46)
... Removed 36 stack frames</div></td></tr></table><p class="totop"><a href="#summary">back to summary</a></p>
<h3 id="m8">testPages.TestHomePage#testHomePage</h3><table class="result"><tr><th class="invisible"/></tr></table><p class="totop"><a href="#summary">back to summary</a></p>
<h3 id="m9">testPages.TestSearchBox#search</h3><table class="result"><tr><th class="invisible"/></tr></table><p class="totop"><a href="#summary">back to summary</a></p>
<h3 id="m10">testPages.TestSearchBox#search2</h3><table class="result"><tr><th class="invisible"/></tr></table><p class="totop"><a href="#summary">back to summary</a></p>
<h3 id="m11">testPages.TestSearchBox#search3</h3><table class="result"><tr><th class="invisible"/></tr></table><p class="totop"><a href="#summary">back to summary</a></p>
<h3 id="m12">testPages.TestSearchBox#search4</h3><table class="result"><tr><th class="invisible"/></tr></table><p class="totop"><a href="#summary">back to summary</a></p>
<h3 id="m13">testPages.TestSearchBox#search5</h3><table class="result"><tr><th class="invisible"/></tr></table><p class="totop"><a href="#summary">back to summary</a></p>
</body>
</html>
