-------------------------------------------------------------------------------
Test set: TestSuite
-------------------------------------------------------------------------------
Tests run: 14, Failures: 8, Errors: 0, Skipped: 0, Time elapsed: 339.185 s <<< FAILURE! - in TestSuite
testCheckCart(testPages.TestHomePage)  Time elapsed: 0.052 s  <<< FAILURE!
java.lang.IncompatibleClassChangeError: Expected static method base.MainAPI.clickOnElem(Ljava/lang/String;)V
	at testPages.TestHomePage.testCheckCart(TestHomePage.java:27)

testMyStore(testPages.TestHomePage)  Time elapsed: 0 s  <<< FAILURE!
java.lang.IncompatibleClassChangeError: Expected static method base.MainAPI.clickOnElem(Ljava/lang/String;)V
	at testPages.TestHomePage.testMyStore(TestHomePage.java:23)

testClickLogin(testPages.TestLogin)  Time elapsed: 0 s  <<< FAILURE!
java.lang.IncompatibleClassChangeError: Expected static method base.MainAPI.clickOnElem(Ljava/lang/String;)V
	at testPages.TestLogin.testClickLogin(TestLogin.java:22)

testClickMyAccount(testPages.TestLogin)  Time elapsed: 0 s  <<< FAILURE!
java.lang.IncompatibleClassChangeError: Expected static method base.MainAPI.clickOnElem(Ljava/lang/String;)V
	at testPages.TestLogin.testClickMyAccount(TestLogin.java:18)

testEnterEmailId(testPages.TestLogin)  Time elapsed: 30.338 s  <<< FAILURE!
org.openqa.selenium.NoSuchElementException: 
no such element: Unable to locate element: {"method":"id","selector":".form-input body__m-top-small form-input--error"}
  (Session info: chrome=72.0.3626.121)
  (Driver info: chromedriver=2.46.628402 (536cd7adbad73a3783fdc2cab92ab2ba7ec361e1),platform=Windows NT 10.0.17134 x86_64) (WARNING: The server did not provide any stacktrace information)
Command duration or timeout: 0 milliseconds
For documentation on this error, please visit: http://seleniumhq.org/exceptions/no_such_element.html
Build info: version: '3.14.0', revision: 'aacccce0', time: '2018-08-02T20:19:58.91Z'
System info: host: 'SHARIF', ip: '192.168.72.1', os.name: 'Windows 10', os.arch: 'amd64', os.version: '10.0', java.version: '1.8.0_192'
Driver info: org.openqa.selenium.chrome.ChromeDriver
Capabilities {acceptInsecureCerts: false, acceptSslCerts: false, applicationCacheEnabled: false, browserConnectionEnabled: false, browserName: chrome, chrome: {chromedriverVersion: 2.46.628402 (536cd7adbad73a..., userDataDir: C:\Users\mdths\AppData\Loca...}, cssSelectorsEnabled: true, databaseEnabled: false, goog:chromeOptions: {debuggerAddress: localhost:56619}, handlesAlerts: true, hasTouchScreen: false, javascriptEnabled: true, locationContextEnabled: true, mobileEmulationEnabled: false, nativeEvents: true, networkConnectionEnabled: false, pageLoadStrategy: normal, platform: XP, platformName: XP, proxy: Proxy(), rotatable: false, setWindowRect: true, strictFileInteractability: false, takesHeapSnapshot: true, takesScreenshot: true, timeouts: {implicit: 0, pageLoad: 300000, script: 30000}, unexpectedAlertBehaviour: ignore, unhandledPromptBehavior: ignore, version: 72.0.3626.121, webStorageEnabled: true}
Session ID: e9547568b7f4eb0766aeb4de7a7b5ae8
*** Element info: {Using=id, value=.form-input body__m-top-small form-input--error}
	at testPages.TestLogin.testEnterEmailId(TestLogin.java:26)

search6(testPages.TestSearchBox)  Time elapsed: 15.156 s  <<< FAILURE!
java.lang.AssertionError: expected [Search Results for Wallart at The Home Depot] but found [Search Results for Gloves at The Home Depot]
	at testPages.TestSearchBox.search6(TestSearchBox.java:38)

search7(testPages.TestSearchBox)  Time elapsed: 7.426 s  <<< FAILURE!
java.lang.AssertionError: expected [Mirrors - Home Decor - The Home Depot] but found [Search Results for Wallart at The Home Depot]
	at testPages.TestSearchBox.search7(TestSearchBox.java:42)

search8(testPages.TestSearchBox)  Time elapsed: 9.457 s  <<< FAILURE!
java.lang.AssertionError: expected [Search Results for Gloves at The Home Depot] but found [Mirrors - Home Decor - The Home Depot]
	at testPages.TestSearchBox.search8(TestSearchBox.java:46)

