<?xml version="1.0" encoding="UTF-8"?>
<!-- Generated by org.testng.reporters.JUnitReportReporter -->
<testsuite skipped="0" hostname="SHARIF" name="testPages.TestHomePage" tests="17" failures="1" timestamp="31 Mar 2019 07:22:06 GMT" time="816.462" errors="0">
  <testcase name="testClickFavorites" time="71.182" classname="testPages.TestHomePage"/>
  <testcase name="TestLocalAd" time="37.742" classname="testPages.TestHomePage"/>
  <testcase name="testTitle" time="21.215" classname="testPages.TestHomePage"/>
  <testcase name="testClickTruckTollRent" time="94.809" classname="testPages.TestHomePage">
    <failure type="java.lang.AssertionError" message="expected [Truck &amp; Tool Rental] but found [Store Finder]">
      <![CDATA[java.lang.AssertionError: expected [Truck & Tool Rental] but found [Store Finder]
at org.testng.Assert.fail(Assert.java:96)
at org.testng.Assert.failNotEquals(Assert.java:776)
at org.testng.Assert.assertEqualsImpl(Assert.java:137)
at org.testng.Assert.assertEquals(Assert.java:118)
at org.testng.Assert.assertEquals(Assert.java:453)
at org.testng.Assert.assertEquals(Assert.java:463)
at testPages.TestHomePage.testClickTruckTollRent(TestHomePage.java:49)
at sun.reflect.NativeMethodAccessorImpl.invoke0(Native Method)
at sun.reflect.NativeMethodAccessorImpl.invoke(NativeMethodAccessorImpl.java:62)
at sun.reflect.DelegatingMethodAccessorImpl.invoke(DelegatingMethodAccessorImpl.java:43)
at java.lang.reflect.Method.invoke(Method.java:498)
at org.testng.internal.MethodInvocationHelper.invokeMethod(MethodInvocationHelper.java:124)
at org.testng.internal.Invoker.invokeMethod(Invoker.java:583)
at org.testng.internal.Invoker.invokeTestMethod(Invoker.java:719)
at org.testng.internal.Invoker.invokeTestMethods(Invoker.java:989)
at org.testng.internal.TestMethodWorker.invokeTestMethods(TestMethodWorker.java:125)
at org.testng.internal.TestMethodWorker.run(TestMethodWorker.java:109)
at org.testng.TestRunner.privateRun(TestRunner.java:648)
at org.testng.TestRunner.run(TestRunner.java:505)
at org.testng.SuiteRunner.runTest(SuiteRunner.java:455)
at org.testng.SuiteRunner.runSequentially(SuiteRunner.java:450)
at org.testng.SuiteRunner.privateRun(SuiteRunner.java:415)
at org.testng.SuiteRunner.run(SuiteRunner.java:364)
at org.testng.SuiteRunnerWorker.runSuite(SuiteRunnerWorker.java:52)
at org.testng.SuiteRunnerWorker.run(SuiteRunnerWorker.java:84)
at org.testng.TestNG.runSuitesSequentially(TestNG.java:1208)
at org.testng.TestNG.runSuitesLocally(TestNG.java:1137)
at org.testng.TestNG.runSuites(TestNG.java:1049)
at org.testng.TestNG.run(TestNG.java:1017)
at org.apache.maven.surefire.testng.TestNGExecutor.run(TestNGExecutor.java:135)
at org.apache.maven.surefire.testng.TestNGDirectoryTestSuite.executeMulti(TestNGDirectoryTestSuite.java:193)
at org.apache.maven.surefire.testng.TestNGDirectoryTestSuite.execute(TestNGDirectoryTestSuite.java:94)
at org.apache.maven.surefire.testng.TestNGProvider.invoke(TestNGProvider.java:146)
at org.apache.maven.surefire.booter.ForkedBooter.invokeProviderInSameClassLoader(ForkedBooter.java:384)
at org.apache.maven.surefire.booter.ForkedBooter.runSuitesInProcess(ForkedBooter.java:345)
at org.apache.maven.surefire.booter.ForkedBooter.execute(ForkedBooter.java:126)
at org.apache.maven.surefire.booter.ForkedBooter.main(ForkedBooter.java:418)
]]>
    </failure>
  </testcase> <!-- testClickTruckTollRent -->
  <testcase name="testClickTruckOrder" time="44.844" classname="testPages.TestHomePage"/>
  <testcase name="TestHoverHover" time="34.030" classname="testPages.TestHomePage"/>
  <testcase name="testClickGiftCard" time="57.888" classname="testPages.TestHomePage"/>
  <testcase name="testClickStoreFinder" time="50.248" classname="testPages.TestHomePage"/>
  <testcase name="testClickForThePro" time="58.405" classname="testPages.TestHomePage"/>
  <testcase name="TestClickSpecialOffers" time="40.016" classname="testPages.TestHomePage"/>
  <testcase name="webElementName" time="43.739" classname="testPages.TestHomePage"/>
  <testcase name="testClickMyStore" time="63.263" classname="testPages.TestHomePage"/>
  <testcase name="testClickCreditServices" time="38.701" classname="testPages.TestHomePage"/>
  <testcase name="testHomePage" time="52.674" classname="testPages.TestHomePage"/>
  <testcase name="TestHoverOverCarpet" time="37.163" classname="testPages.TestHomePage"/>
  <testcase name="testClickCart" time="23.507" classname="testPages.TestHomePage"/>
  <testcase name="testHelp" time="47.036" classname="testPages.TestHomePage"/>
</testsuite> <!-- testPages.TestHomePage -->
