<?xml version="1.0" encoding="UTF-8"?>
<!-- Generated by org.testng.reporters.JUnitXMLReporter -->
<testsuite hostname="SHARIF" ignored="0" name="Surefire test" tests="14" failures="8" timestamp="24 Mar 2019 18:29:32 GMT" time="337.534" errors="0">
  <testcase name="testCheckCart" time="0.0" classname="testPages.TestHomePage">
    <failure type="java.lang.IncompatibleClassChangeError" message="Expected static method base.MainAPI.clickOnElem(Ljava/lang/String;)V">
      <![CDATA[java.lang.IncompatibleClassChangeError: Expected static method base.MainAPI.clickOnElem(Ljava/lang/String;)V
at pages.HomePage.checkCart(HomePage.java:18)
at testPages.TestHomePage.testCheckCart(TestHomePage.java:27)
... Removed 30 stack frames]]>
    </failure>
  </testcase> <!-- testCheckCart -->
  <testcase name="testHomePage" time="0.084" classname="testPages.TestHomePage"/>
  <testcase name="testMyStore" time="0.0" classname="testPages.TestHomePage">
    <failure type="java.lang.IncompatibleClassChangeError" message="Expected static method base.MainAPI.clickOnElem(Ljava/lang/String;)V">
      <![CDATA[java.lang.IncompatibleClassChangeError: Expected static method base.MainAPI.clickOnElem(Ljava/lang/String;)V
at pages.HomePage.myStore(HomePage.java:15)
at testPages.TestHomePage.testMyStore(TestHomePage.java:23)
... Removed 30 stack frames]]>
    </failure>
  </testcase> <!-- testMyStore -->
  <testcase name="testClickLogin" time="0.0" classname="testPages.TestLogin">
    <failure type="java.lang.IncompatibleClassChangeError" message="Expected static method base.MainAPI.clickOnElem(Ljava/lang/String;)V">
      <![CDATA[java.lang.IncompatibleClassChangeError: Expected static method base.MainAPI.clickOnElem(Ljava/lang/String;)V
at pages.Login.clickLogin(Login.java:11)
at testPages.TestLogin.testClickLogin(TestLogin.java:22)
... Removed 30 stack frames]]>
    </failure>
  </testcase> <!-- testClickLogin -->
  <testcase name="testClickMyAccount" time="0.0" classname="testPages.TestLogin">
    <failure type="java.lang.IncompatibleClassChangeError" message="Expected static method base.MainAPI.clickOnElem(Ljava/lang/String;)V">
      <![CDATA[java.lang.IncompatibleClassChangeError: Expected static method base.MainAPI.clickOnElem(Ljava/lang/String;)V
at pages.Login.clickMyAccount(Login.java:8)
at testPages.TestLogin.testClickMyAccount(TestLogin.java:18)
... Removed 30 stack frames]]>
    </failure>
  </testcase> <!-- testClickMyAccount -->
  <testcase name="testEnterEmailId" time="30.33" classname="testPages.TestLogin">
    <failure type="org.openqa.selenium.NoSuchElementException" message="no such element: Unable to locate element: {&amp;quot;method&amp;quot;:&amp;quot;id&amp;quot;,&amp;quot;selector&amp;quot;:&amp;quot;.form-input body__m-top-small form-input--error&amp;quot;}
  (Session info: chrome=72.0.3626.121)
  (Driver info: chromedriver=2.46.628402 (536cd7adbad73a3783fdc2cab92ab2ba7ec361e1),platform=Windows NT 10.0.17134 x86_64) (WARNING: The server did not provide any stacktrace information)
Command duration or timeout: 0 milliseconds
For documentation on this error, please visit: http://seleniumhq.org/exceptions/no_such_element.html
Build info: version: &amp;apos;3.14.0&amp;apos;, revision: &amp;apos;aacccce0&amp;apos;, time: &amp;apos;2018-08-02T20:19:58.91Z&amp;apos;
System info: host: &amp;apos;SHARIF&amp;apos;, ip: &amp;apos;192.168.72.1&amp;apos;, os.name: &amp;apos;Windows 10&amp;apos;, os.arch: &amp;apos;amd64&amp;apos;, os.version: &amp;apos;10.0&amp;apos;, java.version: &amp;apos;1.8.0_192&amp;apos;
Driver info: org.openqa.selenium.chrome.ChromeDriver
Capabilities {acceptInsecureCerts: false, acceptSslCerts: false, applicationCacheEnabled: false, browserConnectionEnabled: false, browserName: chrome, chrome: {chromedriverVersion: 2.46.628402 (536cd7adbad73a..., userDataDir: C:\Users\mdths\AppData\Loca...}, cssSelectorsEnabled: true, databaseEnabled: false, goog:chromeOptions: {debuggerAddress: localhost:56619}, handlesAlerts: true, hasTouchScreen: false, javascriptEnabled: true, locationContextEnabled: true, mobileEmulationEnabled: false, nativeEvents: true, networkConnectionEnabled: false, pageLoadStrategy: normal, platform: XP, platformName: XP, proxy: Proxy(), rotatable: false, setWindowRect: true, strictFileInteractability: false, takesHeapSnapshot: true, takesScreenshot: true, timeouts: {implicit: 0, pageLoad: 300000, script: 30000}, unexpectedAlertBehaviour: ignore, unhandledPromptBehavior: ignore, version: 72.0.3626.121, webStorageEnabled: true}
Session ID: e9547568b7f4eb0766aeb4de7a7b5ae8
*** Element info: {Using=id, value=.form-input body__m-top-small form-input--error}">
      <![CDATA[org.openqa.selenium.NoSuchElementException: no such element: Unable to locate element: {"method":"id","selector":".form-input body__m-top-small form-input--error"}
  (Session info: chrome=72.0.3626.121)
  (Driver info: chromedriver=2.46.628402 (536cd7adbad73a3783fdc2cab92ab2ba7ec361e1),platform=Windows NT 10.0.17134 x86_64) (WARNING: The server did not provide any stacktrace information)
Command duration or timeout: 0 milliseconds
For documentation on this error, please visit: http://seleniumhq.org/exceptions/no_such_element.html
Build info: version: '3.14.0', revision: 'aacccce0', time: '2018-08-02T20:19:58.91Z'
System info: host: 'SHARIF', ip: '192.168.72.1', os.name: 'Windows 10', os.arch: 'amd64', os.version: '10.0', java.version: '1.8.0_192'
Driver info: org.openqa.selenium.chrome.ChromeDriver
Capabilities {acceptInsecureCerts: false, acceptSslCerts: false, applicationCacheEnabled: false, browserConnectionEnabled: false, browserName: chrome, chrome: {chromedriverVersion: 2.46.628402 (536cd7adbad73a..., userDataDir: C:\Users\mdths\AppData\Loca...}, cssSelectorsEnabled: true, databaseEnabled: false, goog:chromeOptions: {debuggerAddress: localhost:56619}, handlesAlerts: true, hasTouchScreen: false, javascriptEnabled: true, locationContextEnabled: true, mobileEmulationEnabled: false, nativeEvents: true, networkConnectionEnabled: false, pageLoadStrategy: normal, platform: XP, platformName: XP, proxy: Proxy(), rotatable: false, setWindowRect: true, strictFileInteractability: false, takesHeapSnapshot: true, takesScreenshot: true, timeouts: {implicit: 0, pageLoad: 300000, script: 30000}, unexpectedAlertBehaviour: ignore, unhandledPromptBehavior: ignore, version: 72.0.3626.121, webStorageEnabled: true}
Session ID: e9547568b7f4eb0766aeb4de7a7b5ae8
*** Element info: {Using=id, value=.form-input body__m-top-small form-input--error}
at org.openqa.selenium.remote.ErrorHandler.createThrowable(ErrorHandler.java:214)
at org.openqa.selenium.remote.ErrorHandler.throwIfResponseFailed(ErrorHandler.java:166)
at org.openqa.selenium.remote.http.JsonHttpResponseCodec.reconstructValue(JsonHttpResponseCodec.java:40)
at org.openqa.selenium.remote.http.AbstractHttpResponseCodec.decode(AbstractHttpResponseCodec.java:80)
at org.openqa.selenium.remote.http.AbstractHttpResponseCodec.decode(AbstractHttpResponseCodec.java:44)
at org.openqa.selenium.remote.HttpCommandExecutor.execute(HttpCommandExecutor.java:158)
at org.openqa.selenium.remote.service.DriverCommandExecutor.execute(DriverCommandExecutor.java:83)
at org.openqa.selenium.remote.RemoteWebDriver.execute(RemoteWebDriver.java:548)
at org.openqa.selenium.remote.RemoteWebDriver.findElement(RemoteWebDriver.java:322)
at org.openqa.selenium.remote.RemoteWebDriver.findElementById(RemoteWebDriver.java:368)
at org.openqa.selenium.By$ById.findElement(By.java:188)
at org.openqa.selenium.remote.RemoteWebDriver.findElement(RemoteWebDriver.java:314)
at base.MainAPI.typeOnElementNEnter(MainAPI.java:174)
at pages.Login.enterEmailId(Login.java:14)
at testPages.TestLogin.testEnterEmailId(TestLogin.java:26)
... Removed 34 stack frames]]>
    </failure>
  </testcase> <!-- testEnterEmailId -->
  <testcase name="search" time="8.481" classname="testPages.TestSearchBox"/>
  <testcase name="search2" time="9.57" classname="testPages.TestSearchBox"/>
  <testcase name="search3" time="7.798" classname="testPages.TestSearchBox"/>
  <testcase name="search4" time="7.986" classname="testPages.TestSearchBox"/>
  <testcase name="search5" time="6.889" classname="testPages.TestSearchBox"/>
  <testcase name="search6" time="15.156" classname="testPages.TestSearchBox">
    <failure type="java.lang.AssertionError" message="expected [Search Results for Wallart at The Home Depot] but found [Search Results for Gloves at The Home Depot]">
      <![CDATA[java.lang.AssertionError: expected [Search Results for Wallart at The Home Depot] but found [Search Results for Gloves at The Home Depot]
at pages.SearchBox.searchGlobes(SearchBox.java:46)
at testPages.TestSearchBox.search6(TestSearchBox.java:38)
... Removed 36 stack frames]]>
    </failure>
  </testcase> <!-- search6 -->
  <testcase name="search7" time="7.426" classname="testPages.TestSearchBox">
    <failure type="java.lang.AssertionError" message="expected [Mirrors - Home Decor - The Home Depot] but found [Search Results for Wallart at The Home Depot]">
      <![CDATA[java.lang.AssertionError: expected [Mirrors - Home Decor - The Home Depot] but found [Search Results for Wallart at The Home Depot]
at pages.SearchBox.searchWallArt(SearchBox.java:51)
at testPages.TestSearchBox.search7(TestSearchBox.java:42)
... Removed 36 stack frames]]>
    </failure>
  </testcase> <!-- search7 -->
  <testcase name="search8" time="9.461" classname="testPages.TestSearchBox">
    <failure type="java.lang.AssertionError" message="expected [Search Results for Gloves at The Home Depot] but found [Mirrors - Home Decor - The Home Depot]">
      <![CDATA[java.lang.AssertionError: expected [Search Results for Gloves at The Home Depot] but found [Mirrors - Home Decor - The Home Depot]
at pages.SearchBox.searchMirrors(SearchBox.java:41)
at testPages.TestSearchBox.search8(TestSearchBox.java:46)
... Removed 36 stack frames]]>
    </failure>
  </testcase> <!-- search8 -->
</testsuite> <!-- Surefire test -->
